<?xml version="1.0" encoding="UTF-8"?>
<testsuite xmlns:xsi="http://www.w3.org/2001/XMLSchema-instance" xsi:noNamespaceSchemaLocation="https://maven.apache.org/surefire/maven-surefire-plugin/xsd/surefire-test-report-3.0.xsd" version="3.0" name="com.deliveryapp.gateway.ApiGatewayApplicationTests" time="2.722" tests="1" errors="0" skipped="0" failures="0">
  <properties>
[...]
</properties>
  <testcase name="contextLoads" classname="com.deliveryapp.gateway.ApiGatewayApplicationTests" time="0.546">
    <system-out><![CDATA[02:22:14.664 [main] INFO org.springframework.test.context.support.AnnotationConfigContextLoaderUtils -- Could not detect default configuration classes for test class [com.deliveryapp.gateway.ApiGatewayApplicationTests]: ApiGatewayApplicationTests does not declare any static, non-private, non-final, nested classes annotated with @Configuration.
02:22:14.740 [main] INFO org.springframework.boot.test.context.SpringBootTestContextBootstrapper -- Found @SpringBootConfiguration com.deliveryapp.gateway.ApiGatewayApplication for test class com.deliveryapp.gateway.ApiGatewayApplicationTests

  .   ____          _            __ _ _
 /\\ / ___'_ __ _ _(_)_ __  __ _ \ \ \ \
( ( )\___ | '_ | '_| | '_ \/ _` | \ \ \ \
 \\/  ___)| |_)| | | | | || (_| |  ) ) ) )
  '  |____| .__|_| |_|_| |_\__, | / / / /
 =========|_|==============|___/=/_/_/_/
 :: Spring Boot ::                (v3.2.5)

2025-06-22T02:22:15.134-03:00  INFO 15460 --- [api-gateway] [           main] c.d.gateway.ApiGatewayApplicationTests   : Starting ApiGatewayApplicationTests using Java 23.0.1 with PID 15460 (started by admin in C:\Users\admin\Downloads\LAB-MOBILE-main\LAB-MOBILE-main\api-gateway)
2025-06-22T02:22:15.136-03:00  INFO 15460 --- [api-gateway] [           main] c.d.gateway.ApiGatewayApplicationTests   : No active profile set, falling back to 1 default profile: "default"
2025-06-22T02:22:15.755-03:00  INFO 15460 --- [api-gateway] [           main] o.s.cloud.context.scope.GenericScope     : BeanFactory id=6ce61a92-1ebb-377e-87fc-8642ab84d4e8
2025-06-22T02:22:15.949-03:00  INFO 15460 --- [api-gateway] [           main] ctiveUserDetailsServiceAutoConfiguration : 

Using generated security password: 8b41fcbc-8471-4df3-9b6c-3f8b1c9435d1

2025-06-22T02:22:16.464-03:00  INFO 15460 --- [api-gateway] [           main] o.s.c.g.r.RouteDefinitionRouteLocator    : Loaded RoutePredicateFactory [After]
2025-06-22T02:22:16.464-03:00  INFO 15460 --- [api-gateway] [           main] o.s.c.g.r.RouteDefinitionRouteLocator    : Loaded RoutePredicateFactory [Before]
2025-06-22T02:22:16.464-03:00  INFO 15460 --- [api-gateway] [           main] o.s.c.g.r.RouteDefinitionRouteLocator    : Loaded RoutePredicateFactory [Between]
2025-06-22T02:22:16.464-03:00  INFO 15460 --- [api-gateway] [           main] o.s.c.g.r.RouteDefinitionRouteLocator    : Loaded RoutePredicateFactory [Cookie]
2025-06-22T02:22:16.464-03:00  INFO 15460 --- [api-gateway] [           main] o.s.c.g.r.RouteDefinitionRouteLocator    : Loaded RoutePredicateFactory [Header]
2025-06-22T02:22:16.464-03:00  INFO 15460 --- [api-gateway] [           main] o.s.c.g.r.RouteDefinitionRouteLocator    : Loaded RoutePredicateFactory [Host]
2025-06-22T02:22:16.464-03:00  INFO 15460 --- [api-gateway] [           main] o.s.c.g.r.RouteDefinitionRouteLocator    : Loaded RoutePredicateFactory [Method]
2025-06-22T02:22:16.464-03:00  INFO 15460 --- [api-gateway] [           main] o.s.c.g.r.RouteDefinitionRouteLocator    : Loaded RoutePredicateFactory [Path]
2025-06-22T02:22:16.464-03:00  INFO 15460 --- [api-gateway] [           main] o.s.c.g.r.RouteDefinitionRouteLocator    : Loaded RoutePredicateFactory [Query]
2025-06-22T02:22:16.464-03:00  INFO 15460 --- [api-gateway] [           main] o.s.c.g.r.RouteDefinitionRouteLocator    : Loaded RoutePredicateFactory [ReadBody]
2025-06-22T02:22:16.464-03:00  INFO 15460 --- [api-gateway] [           main] o.s.c.g.r.RouteDefinitionRouteLocator    : Loaded RoutePredicateFactory [RemoteAddr]
2025-06-22T02:22:16.464-03:00  INFO 15460 --- [api-gateway] [           main] o.s.c.g.r.RouteDefinitionRouteLocator    : Loaded RoutePredicateFactory [XForwardedRemoteAddr]
2025-06-22T02:22:16.464-03:00  INFO 15460 --- [api-gateway] [           main] o.s.c.g.r.RouteDefinitionRouteLocator    : Loaded RoutePredicateFactory [Weight]
2025-06-22T02:22:16.464-03:00  INFO 15460 --- [api-gateway] [           main] o.s.c.g.r.RouteDefinitionRouteLocator    : Loaded RoutePredicateFactory [CloudFoundryRouteService]
2025-06-22T02:22:16.708-03:00  INFO 15460 --- [api-gateway] [           main] c.d.gateway.ApiGatewayApplicationTests   : Started ApiGatewayApplicationTests in 1.864 seconds (process running for 2.577)
]]></system-out>
    <system-err><![CDATA[WARNING: A Java agent has been loaded dynamically (C:\Users\admin\.m2\repository\net\bytebuddy\byte-buddy-agent\1.14.13\byte-buddy-agent-1.14.13.jar)
WARNING: If a serviceability tool is in use, please run with -XX:+EnableDynamicAgentLoading to hide this warning
WARNING: If a serviceability tool is not in use, please run with -Djdk.instrument.traceUsage for more information
WARNING: Dynamic loading of agents will be disallowed by default in a future release
]]></system-err>
  </testcase>
</testsuite>